\BOOKMARK [0][-]{section*.1}{摘要}{}% 1
\BOOKMARK [0][-]{section*.3}{Abstract}{}% 2
\BOOKMARK [0][-]{chapter.1}{1 绪论}{}% 3
\BOOKMARK [1][-]{section.1.1}{1.1 研究背景和意义}{chapter.1}% 4
\BOOKMARK [1][-]{section.1.2}{1.2 研究现状}{chapter.1}% 5
\BOOKMARK [1][-]{section.1.3}{1.3 本文工作与创新点}{chapter.1}% 6
\BOOKMARK [1][-]{section.1.4}{1.4 本文组织结构}{chapter.1}% 7
\BOOKMARK [0][-]{chapter.2}{2 相关工作}{}% 8
\BOOKMARK [1][-]{section.2.1}{2.1 图表征算法 }{chapter.2}% 9
\BOOKMARK [1][-]{section.2.2}{2.2 相似移动应用检测}{chapter.2}% 10
\BOOKMARK [1][-]{section.2.3}{2.3 本章小结}{chapter.2}% 11
\BOOKMARK [0][-]{chapter.3}{3 统计检验}{}% 12
\BOOKMARK [1][-]{section.3.1}{3.1 个体量检验}{chapter.3}% 13
\BOOKMARK [1][-]{section.3.2}{3.2 均值量检验}{chapter.3}% 14
\BOOKMARK [1][-]{section.3.3}{3.3 本章小结}{chapter.3}% 15
\BOOKMARK [0][-]{chapter.4}{4 算法}{}% 16
\BOOKMARK [1][-]{section.4.1}{4.1 问题定义}{chapter.4}% 17
\BOOKMARK [1][-]{section.4.2}{4.2 算法框架}{chapter.4}% 18
\BOOKMARK [1][-]{section.4.3}{4.3 文本相似性}{chapter.4}% 19
\BOOKMARK [1][-]{section.4.4}{4.4 视图相似性}{chapter.4}% 20
\BOOKMARK [1][-]{section.4.5}{4.5 移动应用聚类}{chapter.4}% 21
\BOOKMARK [1][-]{section.4.6}{4.6 第三方库推荐}{chapter.4}% 22
\BOOKMARK [1][-]{section.4.7}{4.7 本章小结}{chapter.4}% 23
\BOOKMARK [0][-]{chapter.5}{5 实验分析与讨论}{}% 24
\BOOKMARK [1][-]{section.5.1}{5.1 数据介绍}{chapter.5}% 25
\BOOKMARK [1][-]{section.5.2}{5.2 评价标准}{chapter.5}% 26
\BOOKMARK [1][-]{section.5.3}{5.3 参数设定}{chapter.5}% 27
\BOOKMARK [1][-]{section.5.4}{5.4 实验对比}{chapter.5}% 28
\BOOKMARK [1][-]{section.5.5}{5.5 本章小结}{chapter.5}% 29
\BOOKMARK [0][-]{chapter.6}{6 总结与展望}{}% 30
\BOOKMARK [1][-]{section.6.1}{6.1 工作总结}{chapter.6}% 31
\BOOKMARK [1][-]{section.6.2}{6.2 展望}{chapter.6}% 32
\BOOKMARK [0][-]{chapter*.33}{参考文献}{}% 33
\BOOKMARK [0][-]{section*.34}{研究成果}{}% 34
\BOOKMARK [0][-]{section*.36}{致谢}{}% 35
